<?xml version="1.0" encoding="UTF-8"?>
<testng-results ignored="3" total="4" passed="1" failed="0" skipped="0">
  <reporter-output>
  </reporter-output>
  <suite started-at="2023-10-17T10:27:24Z" name="Suite" finished-at="2023-10-17T10:27:47Z" duration-ms="23143">
    <groups>
      <group name="smoke">
        <method signature="ToCreateLeadTest.toCreateALeadAndToVerifyTheLeadInformationTest()[pri:1, instance:leads_Module.ToCreateLeadTest@1efe439d]" name="toCreateALeadAndToVerifyTheLeadInformationTest" class="leads_Module.ToCreateLeadTest"/>
      </group> <!-- smoke -->
    </groups>
    <test started-at="2023-10-17T10:27:24Z" name="Test" finished-at="2023-10-17T10:27:47Z" duration-ms="23143">
      <class name="leads_Module.ToCreateLeadTest">
        <test-method is-config="true" signature="bsConfig()[pri:0, instance:leads_Module.ToCreateLeadTest@1efe439d]" started-at="2023-10-17T10:27:23Z" name="bsConfig" finished-at="2023-10-17T10:27:24Z" duration-ms="568" status="PASS">
          <reporter-output>
          </reporter-output>
        </test-method> <!-- bsConfig -->
        <test-method is-config="true" signature="bcConfig()[pri:0, instance:leads_Module.ToCreateLeadTest@1efe439d]" started-at="2023-10-17T10:27:24Z" name="bcConfig" finished-at="2023-10-17T10:27:28Z" duration-ms="4287" status="PASS">
          <reporter-output>
          </reporter-output>
        </test-method> <!-- bcConfig -->
        <test-method is-config="true" signature="bmConfig()[pri:0, instance:leads_Module.ToCreateLeadTest@1efe439d]" started-at="2023-10-17T10:27:28Z" name="bmConfig" finished-at="2023-10-17T10:27:32Z" duration-ms="3621" status="PASS">
          <reporter-output>
          </reporter-output>
        </test-method> <!-- bmConfig -->
        <test-method signature="toCreateALeadAndToVerifyTheLeadInformationTest()[pri:1, instance:leads_Module.ToCreateLeadTest@1efe439d]" started-at="2023-10-17T10:27:32Z" name="toCreateALeadAndToVerifyTheLeadInformationTest" finished-at="2023-10-17T10:27:45Z" duration-ms="12663" status="PASS">
          <reporter-output>
          </reporter-output>
        </test-method> <!-- toCreateALeadAndToVerifyTheLeadInformationTest -->
        <test-method is-config="true" signature="amConfig()[pri:0, instance:leads_Module.ToCreateLeadTest@1efe439d]" started-at="2023-10-17T10:27:45Z" name="amConfig" finished-at="2023-10-17T10:27:47Z" duration-ms="1939" status="PASS">
          <reporter-output>
          </reporter-output>
        </test-method> <!-- amConfig -->
        <test-method is-config="true" signature="acConfig()[pri:0, instance:leads_Module.ToCreateLeadTest@1efe439d]" started-at="2023-10-17T10:27:47Z" name="acConfig" finished-at="2023-10-17T10:27:47Z" duration-ms="615" status="PASS">
          <reporter-output>
          </reporter-output>
        </test-method> <!-- acConfig -->
        <test-method is-config="true" signature="asConfig()[pri:0, instance:leads_Module.ToCreateLeadTest@1efe439d]" started-at="2023-10-17T10:27:47Z" name="asConfig" finished-at="2023-10-17T10:27:47Z" duration-ms="0" status="PASS">
          <reporter-output>
          </reporter-output>
        </test-method> <!-- asConfig -->
      </class> <!-- leads_Module.ToCreateLeadTest -->
    </test> <!-- Test -->
  </suite> <!-- Suite -->
</testng-results>
